Using pre-set license
Built from '2020.3/staging' branch; Version is '2020.3.16f1 (049d6eca3c44) revision 302446'; Using compiler version '192528614'; Build Type 'Release'
OS: 'Windows 10 Home; OS build 19043.1165; Version 2009; 64bit' Language: 'en' Physical Memory: 16222 MB
BatchMode: 1, IsHumanControllingUs: 0, StartBugReporterOnCrash: 0, Is64bit: 1, IsPro: 0

 COMMAND LINE ARGUMENTS:
C:\Program Files\Unity\Editor\2020.3.16f1\Editor\Unity.exe
-adb2
-batchMode
-noUpm
-name
AssetImportWorker0
-projectPath
C:/Users/calvin/Documents/Unity/EcoHack
-logFile
Logs/AssetImportWorker0.log
-srvPort
53980
Successfully changed project path to: C:/Users/calvin/Documents/Unity/EcoHack
C:/Users/calvin/Documents/Unity/EcoHack
Using Asset Import Pipeline V2.
Refreshing native plugins compatible for Editor in 28.26 ms, found 2 plugins.
Preloading 0 native plugins for Editor in 0.00 ms.
Initialize engine version: 2020.3.16f1 (049d6eca3c44)
[Subsystems] Discovering subsystems at path C:/Program Files/Unity/Editor/2020.3.16f1/Editor/Data/Resources/UnitySubsystems
[Subsystems] Discovering subsystems at path C:/Users/calvin/Documents/Unity/EcoHack/Assets
GfxDevice: creating device client; threaded=0
Direct3D:
    Version:  Direct3D 11.0 [level 11.1]
    Renderer: NVIDIA GeForce RTX 2070 SUPER (ID=0x1e84)
    Vendor:   
    VRAM:     8011 MB
    Driver:   27.21.14.5671
Initialize mono
Mono path[0] = 'C:/Program Files/Unity/Editor/2020.3.16f1/Editor/Data/Managed'
Mono path[1] = 'C:/Program Files/Unity/Editor/2020.3.16f1/Editor/Data/MonoBleedingEdge/lib/mono/unityjit'
Mono config path = 'C:/Program Files/Unity/Editor/2020.3.16f1/Editor/Data/MonoBleedingEdge/etc'
Using monoOptions --debugger-agent=transport=dt_socket,embedding=1,server=y,suspend=n,address=127.0.0.1:56160
Begin MonoManager ReloadAssembly
Registering precompiled unity dll's ...
Register platform support module: C:/Program Files/Unity/Editor/2020.3.16f1/Editor/Data/PlaybackEngines/WindowsStandaloneSupport/UnityEditor.WindowsStandalone.Extensions.dll
Registered in 0.001677 seconds.
Native extension for WindowsStandalone target not found
Refreshing native plugins compatible for Editor in 25.79 ms, found 2 plugins.
Preloading 0 native plugins for Editor in 0.00 ms.
Mono: successfully reloaded assembly
- Completed reload, in  0.922 seconds
Domain Reload Profiling:
	ReloadAssembly (922ms)
		BeginReloadAssembly (45ms)
			ExecutionOrderSort (0ms)
			DisableScriptedObjects (0ms)
			BackupInstance (0ms)
			ReleaseScriptingObjects (0ms)
			CreateAndSetChildDomain (1ms)
		EndReloadAssembly (330ms)
			LoadAssemblies (43ms)
			RebuildTransferFunctionScriptingTraits (0ms)
			SetupTypeCache (122ms)
			ReleaseScriptCaches (0ms)
			RebuildScriptCaches (25ms)
			SetupLoadedEditorAssemblies (126ms)
				LogAssemblyErrors (0ms)
				InitializePlatformSupportModulesInManaged (3ms)
				SetLoadedEditorAssemblies (0ms)
				RefreshPlugins (26ms)
				BeforeProcessingInitializeOnLoad (13ms)
				ProcessInitializeOnLoadAttributes (61ms)
				ProcessInitializeOnLoadMethodAttributes (22ms)
				AfterProcessingInitializeOnLoad (0ms)
				EditorAssembliesLoaded (0ms)
			ExecutionOrderSort2 (0ms)
			AwakeInstancesAfterBackupRestoration (0ms)
Platform modules already initialized, skipping
Registering precompiled user dll's ...
Registered in 0.003745 seconds.
Begin MonoManager ReloadAssembly
Native extension for WindowsStandalone target not found
Refreshing native plugins compatible for Editor in 0.31 ms, found 2 plugins.
Preloading 0 native plugins for Editor in 0.00 ms.
Mono: successfully reloaded assembly
- Completed reload, in  0.879 seconds
Domain Reload Profiling:
	ReloadAssembly (880ms)
		BeginReloadAssembly (114ms)
			ExecutionOrderSort (0ms)
			DisableScriptedObjects (3ms)
			BackupInstance (0ms)
			ReleaseScriptingObjects (0ms)
			CreateAndSetChildDomain (14ms)
		EndReloadAssembly (715ms)
			LoadAssemblies (70ms)
			RebuildTransferFunctionScriptingTraits (0ms)
			SetupTypeCache (222ms)
			ReleaseScriptCaches (0ms)
			RebuildScriptCaches (35ms)
			SetupLoadedEditorAssemblies (314ms)
				LogAssemblyErrors (0ms)
				InitializePlatformSupportModulesInManaged (4ms)
				SetLoadedEditorAssemblies (0ms)
				RefreshPlugins (0ms)
				BeforeProcessingInitializeOnLoad (66ms)
				ProcessInitializeOnLoadAttributes (234ms)
				ProcessInitializeOnLoadMethodAttributes (3ms)
				AfterProcessingInitializeOnLoad (5ms)
				EditorAssembliesLoaded (0ms)
			ExecutionOrderSort2 (0ms)
			AwakeInstancesAfterBackupRestoration (5ms)
Platform modules already initialized, skipping
========================================================================
Worker process is ready to serve import requests
Launched and connected shader compiler UnityShaderCompiler.exe after 0.04 seconds
Refreshing native plugins compatible for Editor in 0.28 ms, found 2 plugins.
Preloading 0 native plugins for Editor in 0.00 ms.
Unloading 1761 Unused Serialized files (Serialized files now loaded: 0)
System memory in use before: 81.6 MB.
System memory in use after: 81.6 MB.

Unloading 19 unused Assets to reduce memory usage. Loaded Objects now: 2200.
Total: 2.593900 ms (FindLiveObjects: 0.142500 ms CreateObjectMapping: 0.054200 ms MarkObjects: 2.315500 ms  DeleteObjects: 0.080600 ms)

AssetImportParameters requested are different than current active one (requested -> active):
  custom:framework-win-MediaFoundation: 216162199b28c13a410421893ffa2e32 -> 
  custom:video-decoder-ogg-theora: a1e56fd34408186e4bbccfd4996cb3dc -> 
  custom:container-muxer-webm: aa71ff27fc2769a1b78a27578f13a17b -> 
  custom:container-demuxer-webm: 4f35f7cbe854078d1ac9338744f61a02 -> 
  custom:container-demuxer-ogg: 62fdf1f143b41e24485cea50d1cbac27 -> 
  custom:video-encoder-webm-vp8: eb34c28f22e8b96e1ab97ce403110664 -> 
  custom:video-decoder-webm-vp8: 9c59270c3fd7afecdb556c50c9e8de78 -> 
  custom:audio-decoder-ogg-vorbis: bf7c407c2cedff20999df2af8eb42d56 -> 
  custom:audio-encoder-webm-vorbis: bf7c407c2cedff20999df2af8eb42d56 -> 
========================================================================
Received Import Request.
  path: Assets/Scenes/SampleScene.unity
  artifactKey: Guid(06f8a73be9ea86843b8956cc8a130401) Importer(815301076,1909f56bfc062723c751e8b465ee728b)
Start importing Assets/Scenes/SampleScene.unity using Guid(06f8a73be9ea86843b8956cc8a130401) Importer(815301076,1909f56bfc062723c751e8b465ee728b)  -> (artifact id: 'e7ddff4816d336ea931c758965c28640') in 0.013598 seconds 
  Import took 0.015787 seconds .

========================================================================
Received Import Request.
  Time since last request: 0.000284 seconds.
  path: Assets/Scenes/SampleScene2.unity
  artifactKey: Guid(9fc0d4010bbf28b4594072e72b8655ab) Importer(815301076,1909f56bfc062723c751e8b465ee728b)
Start importing Assets/Scenes/SampleScene2.unity using Guid(9fc0d4010bbf28b4594072e72b8655ab) Importer(815301076,1909f56bfc062723c751e8b465ee728b)  -> (artifact id: '070da101078b31fadb8df8c8ac2e5555') in 0.007453 seconds 
  Import took 0.009815 seconds .

========================================================================
Received Import Request.
  Time since last request: 87.272441 seconds.
  path: Assets/tree.blend
  artifactKey: Guid(98640c1c91309fa4193919a1d2ce48b2) Importer(815301076,1909f56bfc062723c751e8b465ee728b)
Start importing Assets/tree.blend using Guid(98640c1c91309fa4193919a1d2ce48b2) Importer(815301076,1909f56bfc062723c751e8b465ee728b)  -> (artifact id: '0a821ad3b566c43bfbac7f132ca59d09') in 0.118086 seconds 
  Import took 0.120502 seconds .

========================================================================
Received Import Request.
  Time since last request: 4.641289 seconds.
  path: Assets/Water.mat
  artifactKey: Guid(848d1280f5208d344bb133c6cf93cb69) Importer(815301076,1909f56bfc062723c751e8b465ee728b)
Start importing Assets/Water.mat using Guid(848d1280f5208d344bb133c6cf93cb69) Importer(815301076,1909f56bfc062723c751e8b465ee728b)  -> (artifact id: '07607490b65931c4c3848d826261c961') in 0.171143 seconds 
  Import took 0.175062 seconds .

========================================================================
Received Import Request.
  Time since last request: 31.043252 seconds.
  path: Assets/Grass.mat
  artifactKey: Guid(aa9135f58cc078a42ad40fbd1a73512c) Importer(815301076,1909f56bfc062723c751e8b465ee728b)
Start importing Assets/Grass.mat using Guid(aa9135f58cc078a42ad40fbd1a73512c) Importer(815301076,1909f56bfc062723c751e8b465ee728b)  -> (artifact id: 'a87769553e6629e2d0954fc8494676ec') in 0.025188 seconds 
  Import took 0.027914 seconds .

========================================================================
Received Import Request.
  Time since last request: 0.000207 seconds.
  path: Assets/Humansit.blend
  artifactKey: Guid(b18e48e2586cb9d409f5357f0daf1fa4) Importer(815301076,1909f56bfc062723c751e8b465ee728b)
Start importing Assets/Humansit.blend using Guid(b18e48e2586cb9d409f5357f0daf1fa4) Importer(815301076,1909f56bfc062723c751e8b465ee728b)  -> (artifact id: '2e2085bc8153acd266e086366e9c5eb6') in 0.033497 seconds 
  Import took 0.036505 seconds .

========================================================================
Received Import Request.
  Time since last request: 0.000155 seconds.
  path: Assets/New Terrain.asset
  artifactKey: Guid(becba6dc3dab5b74dadead93b1d18d40) Importer(815301076,1909f56bfc062723c751e8b465ee728b)
Start importing Assets/New Terrain.asset using Guid(becba6dc3dab5b74dadead93b1d18d40) Importer(815301076,1909f56bfc062723c751e8b465ee728b) The tree tree couldn't be instanced because the prefab contains no valid mesh renderer.

 -> (artifact id: '093983a754f4f69f84794d6ef83cdcfe') in 0.027473 seconds 
  Import took 0.029750 seconds .

========================================================================
Received Import Request.
  Time since last request: 0.000197 seconds.
  path: Assets/Humansit.blend
  artifactKey: Guid(b18e48e2586cb9d409f5357f0daf1fa4) Importer(815301076,1909f56bfc062723c751e8b465ee728b)
Start importing Assets/Humansit.blend using Guid(b18e48e2586cb9d409f5357f0daf1fa4) Importer(815301076,1909f56bfc062723c751e8b465ee728b)  -> (artifact id: '2e2085bc8153acd266e086366e9c5eb6') in 0.016691 seconds 
  Import took 0.019182 seconds .

========================================================================
Received Import Request.
  Time since last request: 0.000238 seconds.
  path: Assets/IMG_20210815_173037869.jpg
  artifactKey: Guid(1517694d0f60b8b419d08b39571e3cef) Importer(815301076,1909f56bfc062723c751e8b465ee728b)
Start importing Assets/IMG_20210815_173037869.jpg using Guid(1517694d0f60b8b419d08b39571e3cef) Importer(815301076,1909f56bfc062723c751e8b465ee728b)  -> (artifact id: '66fc629b0c12829a00506fdee491e4fe') in 0.018147 seconds 
  Import took 0.020585 seconds .

========================================================================
Received Import Request.
  Time since last request: 0.000178 seconds.
  path: Assets/NewBrush.brush
  artifactKey: Guid(b1ad4c05ca05463438cd228ec6486703) Importer(815301076,1909f56bfc062723c751e8b465ee728b)
Start importing Assets/NewBrush.brush using Guid(b1ad4c05ca05463438cd228ec6486703) Importer(815301076,1909f56bfc062723c751e8b465ee728b)  -> (artifact id: 'b42360693632efbf902625338eca3dba') in 0.011929 seconds 
  Import took 0.014346 seconds .

========================================================================
Received Import Request.
  Time since last request: 0.000238 seconds.
  path: Assets/NewLayer.terrainlayer
  artifactKey: Guid(6889d1bfdbf2cfa4b882ef33a836735a) Importer(815301076,1909f56bfc062723c751e8b465ee728b)
Start importing Assets/NewLayer.terrainlayer using Guid(6889d1bfdbf2cfa4b882ef33a836735a) Importer(815301076,1909f56bfc062723c751e8b465ee728b)  -> (artifact id: 'e2e3ac4922eb5cf4a8130f1d96a0eed5') in 0.010375 seconds 
  Import took 0.012744 seconds .

========================================================================
Received Import Request.
  Time since last request: 0.000208 seconds.
  path: Assets/NewLayer 1.terrainlayer
  artifactKey: Guid(40a8ee8b7594c094a8ee7b918d540dcf) Importer(815301076,1909f56bfc062723c751e8b465ee728b)
Start importing Assets/NewLayer 1.terrainlayer using Guid(40a8ee8b7594c094a8ee7b918d540dcf) Importer(815301076,1909f56bfc062723c751e8b465ee728b)  -> (artifact id: '9c2d7fce24596773638f008edc0791fd') in 0.009793 seconds 
  Import took 0.011877 seconds .

========================================================================
Received Import Request.
  Time since last request: 25.567640 seconds.
  path: Assets/building.blend
  artifactKey: Guid(d82d43ee2f446a6409f96b9724f9dec8) Importer(815301076,1909f56bfc062723c751e8b465ee728b)
Start importing Assets/building.blend using Guid(d82d43ee2f446a6409f96b9724f9dec8) Importer(815301076,1909f56bfc062723c751e8b465ee728b)  -> (artifact id: '58fa258e9ceb76d3809e3ddcc77ea37d') in 0.020811 seconds 
  Import took 0.023808 seconds .

========================================================================
Received Import Request.
  Time since last request: 0.000263 seconds.
  path: Assets/concrete_wall_001_rough_1k.jpg
  artifactKey: Guid(d9be2c3a321010f4ebcb51a78977aed4) Importer(815301076,1909f56bfc062723c751e8b465ee728b)
Start importing Assets/concrete_wall_001_rough_1k.jpg using Guid(d9be2c3a321010f4ebcb51a78977aed4) Importer(815301076,1909f56bfc062723c751e8b465ee728b)  -> (artifact id: 'c4895614a10db3c3f4cd225bde17b037') in 0.008986 seconds 
  Import took 0.011921 seconds .

========================================================================
Received Import Request.
  Time since last request: 0.000366 seconds.
  path: Assets/concrete_wall_001_nor_gl_1k.jpg
  artifactKey: Guid(9bbf285bf9f16bb44a1d715a092b2bd3) Importer(815301076,1909f56bfc062723c751e8b465ee728b)
Start importing Assets/concrete_wall_001_nor_gl_1k.jpg using Guid(9bbf285bf9f16bb44a1d715a092b2bd3) Importer(815301076,1909f56bfc062723c751e8b465ee728b)  -> (artifact id: '1d62fbb80e16b3024285f5d5f21a495c') in 0.013887 seconds 
  Import took 0.017093 seconds .

========================================================================
Received Import Request.
  Time since last request: 0.000301 seconds.
  path: Assets/Concrete.mat
  artifactKey: Guid(b8d4b48dd3ff7534eb8adf9bf1a25746) Importer(815301076,1909f56bfc062723c751e8b465ee728b)
Start importing Assets/Concrete.mat using Guid(b8d4b48dd3ff7534eb8adf9bf1a25746) Importer(815301076,1909f56bfc062723c751e8b465ee728b)  -> (artifact id: 'c4520961310fd344ca9ada1098c2661c') in 0.015317 seconds 
  Import took 0.018478 seconds .

========================================================================
Received Import Request.
  Time since last request: 0.000287 seconds.
  path: Assets/concrete_wall_001_diff_1k.jpg
  artifactKey: Guid(e6ccda0fe06e275409005df5afb2fff6) Importer(815301076,1909f56bfc062723c751e8b465ee728b)
Start importing Assets/concrete_wall_001_diff_1k.jpg using Guid(e6ccda0fe06e275409005df5afb2fff6) Importer(815301076,1909f56bfc062723c751e8b465ee728b)  -> (artifact id: 'd630c871118062d900be645dcc6fd18a') in 0.013884 seconds 
  Import took 0.016457 seconds .

========================================================================
Received Import Request.
  Time since last request: 9.058781 seconds.
  path: Assets/aerial_asphalt_01_diff_1k 1.jpg
  artifactKey: Guid(965751fa4dd3db744bda124951bf0c4b) Importer(815301076,1909f56bfc062723c751e8b465ee728b)
Start importing Assets/aerial_asphalt_01_diff_1k 1.jpg using Guid(965751fa4dd3db744bda124951bf0c4b) Importer(815301076,1909f56bfc062723c751e8b465ee728b)  -> (artifact id: 'b7b6d20724d861f91c479c3c2f86c68b') in 0.010933 seconds 
  Import took 0.013355 seconds .

========================================================================
Received Import Request.
  Time since last request: 0.004474 seconds.
  path: Assets/aerial_asphalt_01_diff_1k 1.jpg
  artifactKey: Guid(965751fa4dd3db744bda124951bf0c4b) Importer(815301076,1909f56bfc062723c751e8b465ee728b)
Start importing Assets/aerial_asphalt_01_diff_1k 1.jpg using Guid(965751fa4dd3db744bda124951bf0c4b) Importer(815301076,1909f56bfc062723c751e8b465ee728b)  -> (artifact id: 'b7b6d20724d861f91c479c3c2f86c68b') in 0.012567 seconds 
  Import took 0.015391 seconds .

========================================================================
Received Import Request.
  Time since last request: 4.734629 seconds.
  path: Assets/aerial_asphalt_01_nor_gl_1k 1.jpg
  artifactKey: Guid(f9445cad16d0ec44f98f1e68bd2ae081) Importer(815301076,1909f56bfc062723c751e8b465ee728b)
Start importing Assets/aerial_asphalt_01_nor_gl_1k 1.jpg using Guid(f9445cad16d0ec44f98f1e68bd2ae081) Importer(815301076,1909f56bfc062723c751e8b465ee728b)  -> (artifact id: '13dc6ee6fd4da71fee8e131c00fb33c7') in 0.014325 seconds 
  Import took 0.016703 seconds .

========================================================================
Received Import Request.
  Time since last request: 0.000307 seconds.
  path: Assets/aerial_grass_rock_diff_1k.jpg
  artifactKey: Guid(f376462e41d87a8489ce78d6b944b4ca) Importer(815301076,1909f56bfc062723c751e8b465ee728b)
Start importing Assets/aerial_grass_rock_diff_1k.jpg using Guid(f376462e41d87a8489ce78d6b944b4ca) Importer(815301076,1909f56bfc062723c751e8b465ee728b)  -> (artifact id: '6a71629c75fe29a3cdb6362a6587d513') in 0.012395 seconds 
  Import took 0.014789 seconds .

========================================================================
Received Import Request.
  Time since last request: 0.000240 seconds.
  path: Assets/aerial_asphalt_01_rough_1k 1.jpg
  artifactKey: Guid(fcdda1189c03d884cb2bd69ebec95973) Importer(815301076,1909f56bfc062723c751e8b465ee728b)
Start importing Assets/aerial_asphalt_01_rough_1k 1.jpg using Guid(fcdda1189c03d884cb2bd69ebec95973) Importer(815301076,1909f56bfc062723c751e8b465ee728b)  -> (artifact id: '88bc986ac281dedaac47a0f6335a12c9') in 0.012817 seconds 
  Import took 0.015144 seconds .

========================================================================
Received Import Request.
  Time since last request: 0.000274 seconds.
  path: Assets/aerial_grass_rock_nor_gl_1k.jpg
  artifactKey: Guid(cb95ec30ae34df040b4e3262609c37b9) Importer(815301076,1909f56bfc062723c751e8b465ee728b)
Start importing Assets/aerial_grass_rock_nor_gl_1k.jpg using Guid(cb95ec30ae34df040b4e3262609c37b9) Importer(815301076,1909f56bfc062723c751e8b465ee728b)  -> (artifact id: '38a9c0a1bee17fc2e93d123bf5c05a78') in 0.016944 seconds 
  Import took 0.019667 seconds .

========================================================================
Received Import Request.
  Time since last request: 0.000220 seconds.
  path: Assets/aerial_grass_rock_rough_1k.jpg
  artifactKey: Guid(f19b1ebada5e67545b07338f75974a69) Importer(815301076,1909f56bfc062723c751e8b465ee728b)
Start importing Assets/aerial_grass_rock_rough_1k.jpg using Guid(f19b1ebada5e67545b07338f75974a69) Importer(815301076,1909f56bfc062723c751e8b465ee728b)  -> (artifact id: '8475ac18b0456f60b1eb5e9bac3b89d9') in 0.017999 seconds 
  Import took 0.020521 seconds .

========================================================================
Received Prepare
Registering precompiled user dll's ...
Registered in 0.004060 seconds.
Begin MonoManager ReloadAssembly
Native extension for WindowsStandalone target not found
Refreshing native plugins compatible for Editor in 0.31 ms, found 2 plugins.
Preloading 0 native plugins for Editor in 0.00 ms.
Mono: successfully reloaded assembly
- Completed reload, in  0.819 seconds
Domain Reload Profiling:
	ReloadAssembly (820ms)
		BeginReloadAssembly (97ms)
			ExecutionOrderSort (0ms)
			DisableScriptedObjects (4ms)
			BackupInstance (0ms)
			ReleaseScriptingObjects (0ms)
			CreateAndSetChildDomain (25ms)
		EndReloadAssembly (673ms)
			LoadAssemblies (69ms)
			RebuildTransferFunctionScriptingTraits (0ms)
			SetupTypeCache (217ms)
			ReleaseScriptCaches (1ms)
			RebuildScriptCaches (30ms)
			SetupLoadedEditorAssemblies (283ms)
				LogAssemblyErrors (0ms)
				InitializePlatformSupportModulesInManaged (4ms)
				SetLoadedEditorAssemblies (0ms)
				RefreshPlugins (0ms)
				BeforeProcessingInitializeOnLoad (59ms)
				ProcessInitializeOnLoadAttributes (211ms)
				ProcessInitializeOnLoadMethodAttributes (3ms)
				AfterProcessingInitializeOnLoad (5ms)
				EditorAssembliesLoaded (0ms)
			ExecutionOrderSort2 (0ms)
			AwakeInstancesAfterBackupRestoration (5ms)
Platform modules already initialized, skipping
Refreshing native plugins compatible for Editor in 0.29 ms, found 2 plugins.
Preloading 0 native plugins for Editor in 0.00 ms.
Unloading 1733 Unused Serialized files (Serialized files now loaded: 0)
System memory in use before: 83.8 MB.
System memory in use after: 83.3 MB.

Unloading 16 unused Assets to reduce memory usage. Loaded Objects now: 2256.
Total: 2.418600 ms (FindLiveObjects: 0.116000 ms CreateObjectMapping: 0.043800 ms MarkObjects: 1.971400 ms  DeleteObjects: 0.286600 ms)

AssetImportParameters requested are different than current active one (requested -> active):
  custom:framework-win-MediaFoundation: 216162199b28c13a410421893ffa2e32 -> 
  custom:video-decoder-ogg-theora: a1e56fd34408186e4bbccfd4996cb3dc -> 
  custom:container-muxer-webm: aa71ff27fc2769a1b78a27578f13a17b -> 
  custom:container-demuxer-webm: 4f35f7cbe854078d1ac9338744f61a02 -> 
  custom:container-demuxer-ogg: 62fdf1f143b41e24485cea50d1cbac27 -> 
  custom:video-encoder-webm-vp8: eb34c28f22e8b96e1ab97ce403110664 -> 
  custom:video-decoder-webm-vp8: 9c59270c3fd7afecdb556c50c9e8de78 -> 
  custom:audio-decoder-ogg-vorbis: bf7c407c2cedff20999df2af8eb42d56 -> 
  custom:audio-encoder-webm-vorbis: bf7c407c2cedff20999df2af8eb42d56 -> 
========================================================================
Received Prepare
Registering precompiled user dll's ...
Registered in 0.004204 seconds.
Begin MonoManager ReloadAssembly
Native extension for WindowsStandalone target not found
Refreshing native plugins compatible for Editor in 0.30 ms, found 2 plugins.
Preloading 0 native plugins for Editor in 0.00 ms.
Mono: successfully reloaded assembly
- Completed reload, in  0.845 seconds
Domain Reload Profiling:
	ReloadAssembly (846ms)
		BeginReloadAssembly (94ms)
			ExecutionOrderSort (0ms)
			DisableScriptedObjects (3ms)
			BackupInstance (0ms)
			ReleaseScriptingObjects (0ms)
			CreateAndSetChildDomain (25ms)
		EndReloadAssembly (700ms)
			LoadAssemblies (70ms)
			RebuildTransferFunctionScriptingTraits (0ms)
			SetupTypeCache (225ms)
			ReleaseScriptCaches (1ms)
			RebuildScriptCaches (37ms)
			SetupLoadedEditorAssemblies (292ms)
				LogAssemblyErrors (0ms)
				InitializePlatformSupportModulesInManaged (4ms)
				SetLoadedEditorAssemblies (0ms)
				RefreshPlugins (0ms)
				BeforeProcessingInitializeOnLoad (61ms)
				ProcessInitializeOnLoadAttributes (218ms)
				ProcessInitializeOnLoadMethodAttributes (3ms)
				AfterProcessingInitializeOnLoad (5ms)
				EditorAssembliesLoaded (0ms)
			ExecutionOrderSort2 (0ms)
			AwakeInstancesAfterBackupRestoration (5ms)
Platform modules already initialized, skipping
Refreshing native plugins compatible for Editor in 0.30 ms, found 2 plugins.
Preloading 0 native plugins for Editor in 0.00 ms.
Unloading 1733 Unused Serialized files (Serialized files now loaded: 0)
System memory in use before: 83.3 MB.
System memory in use after: 83.4 MB.

Unloading 14 unused Assets to reduce memory usage. Loaded Objects now: 2258.
Total: 2.390600 ms (FindLiveObjects: 0.119800 ms CreateObjectMapping: 0.045200 ms MarkObjects: 2.177000 ms  DeleteObjects: 0.048000 ms)

AssetImportParameters requested are different than current active one (requested -> active):
  custom:framework-win-MediaFoundation: 216162199b28c13a410421893ffa2e32 -> 
  custom:video-decoder-ogg-theora: a1e56fd34408186e4bbccfd4996cb3dc -> 
  custom:container-muxer-webm: aa71ff27fc2769a1b78a27578f13a17b -> 
  custom:container-demuxer-webm: 4f35f7cbe854078d1ac9338744f61a02 -> 
  custom:container-demuxer-ogg: 62fdf1f143b41e24485cea50d1cbac27 -> 
  custom:video-encoder-webm-vp8: eb34c28f22e8b96e1ab97ce403110664 -> 
  custom:video-decoder-webm-vp8: 9c59270c3fd7afecdb556c50c9e8de78 -> 
  custom:audio-decoder-ogg-vorbis: bf7c407c2cedff20999df2af8eb42d56 -> 
  custom:audio-encoder-webm-vorbis: bf7c407c2cedff20999df2af8eb42d56 -> 
========================================================================
Received Prepare
Registering precompiled user dll's ...
Registered in 0.005635 seconds.
Begin MonoManager ReloadAssembly
Native extension for WindowsStandalone target not found
Refreshing native plugins compatible for Editor in 0.40 ms, found 2 plugins.
Preloading 0 native plugins for Editor in 0.00 ms.
Mono: successfully reloaded assembly
- Completed reload, in  0.878 seconds
Domain Reload Profiling:
	ReloadAssembly (878ms)
		BeginReloadAssembly (97ms)
			ExecutionOrderSort (0ms)
			DisableScriptedObjects (4ms)
			BackupInstance (0ms)
			ReleaseScriptingObjects (0ms)
			CreateAndSetChildDomain (27ms)
		EndReloadAssembly (728ms)
			LoadAssemblies (81ms)
			RebuildTransferFunctionScriptingTraits (0ms)
			SetupTypeCache (240ms)
			ReleaseScriptCaches (1ms)
			RebuildScriptCaches (33ms)
			SetupLoadedEditorAssemblies (298ms)
				LogAssemblyErrors (0ms)
				InitializePlatformSupportModulesInManaged (4ms)
				SetLoadedEditorAssemblies (0ms)
				RefreshPlugins (0ms)
				BeforeProcessingInitializeOnLoad (61ms)
				ProcessInitializeOnLoadAttributes (222ms)
				ProcessInitializeOnLoadMethodAttributes (3ms)
				AfterProcessingInitializeOnLoad (6ms)
				EditorAssembliesLoaded (0ms)
			ExecutionOrderSort2 (0ms)
			AwakeInstancesAfterBackupRestoration (5ms)
Platform modules already initialized, skipping
Refreshing native plugins compatible for Editor in 0.31 ms, found 2 plugins.
Preloading 0 native plugins for Editor in 0.00 ms.
Unloading 1733 Unused Serialized files (Serialized files now loaded: 0)
System memory in use before: 83.3 MB.
System memory in use after: 83.4 MB.

Unloading 14 unused Assets to reduce memory usage. Loaded Objects now: 2260.
Total: 2.337600 ms (FindLiveObjects: 0.121300 ms CreateObjectMapping: 0.041900 ms MarkObjects: 2.124100 ms  DeleteObjects: 0.049500 ms)

AssetImportParameters requested are different than current active one (requested -> active):
  custom:framework-win-MediaFoundation: 216162199b28c13a410421893ffa2e32 -> 
  custom:video-decoder-ogg-theora: a1e56fd34408186e4bbccfd4996cb3dc -> 
  custom:container-muxer-webm: aa71ff27fc2769a1b78a27578f13a17b -> 
  custom:container-demuxer-webm: 4f35f7cbe854078d1ac9338744f61a02 -> 
  custom:container-demuxer-ogg: 62fdf1f143b41e24485cea50d1cbac27 -> 
  custom:video-encoder-webm-vp8: eb34c28f22e8b96e1ab97ce403110664 -> 
  custom:video-decoder-webm-vp8: 9c59270c3fd7afecdb556c50c9e8de78 -> 
  custom:audio-decoder-ogg-vorbis: bf7c407c2cedff20999df2af8eb42d56 -> 
  custom:audio-encoder-webm-vorbis: bf7c407c2cedff20999df2af8eb42d56 -> 
========================================================================
Received Prepare
Registering precompiled user dll's ...
Registered in 0.003252 seconds.
Begin MonoManager ReloadAssembly
Native extension for WindowsStandalone target not found
Refreshing native plugins compatible for Editor in 0.30 ms, found 2 plugins.
Preloading 0 native plugins for Editor in 0.00 ms.
Mono: successfully reloaded assembly
- Completed reload, in  0.965 seconds
Domain Reload Profiling:
	ReloadAssembly (966ms)
		BeginReloadAssembly (122ms)
			ExecutionOrderSort (0ms)
			DisableScriptedObjects (4ms)
			BackupInstance (0ms)
			ReleaseScriptingObjects (0ms)
			CreateAndSetChildDomain (44ms)
		EndReloadAssembly (795ms)
			LoadAssemblies (72ms)
			RebuildTransferFunctionScriptingTraits (0ms)
			SetupTypeCache (240ms)
			ReleaseScriptCaches (1ms)
			RebuildScriptCaches (31ms)
			SetupLoadedEditorAssemblies (377ms)
				LogAssemblyErrors (0ms)
				InitializePlatformSupportModulesInManaged (4ms)
				SetLoadedEditorAssemblies (0ms)
				RefreshPlugins (0ms)
				BeforeProcessingInitializeOnLoad (62ms)
				ProcessInitializeOnLoadAttributes (301ms)
				ProcessInitializeOnLoadMethodAttributes (3ms)
				AfterProcessingInitializeOnLoad (6ms)
				EditorAssembliesLoaded (0ms)
			ExecutionOrderSort2 (0ms)
			AwakeInstancesAfterBackupRestoration (5ms)
Platform modules already initialized, skipping
Refreshing native plugins compatible for Editor in 0.33 ms, found 2 plugins.
Preloading 0 native plugins for Editor in 0.00 ms.
Unloading 1733 Unused Serialized files (Serialized files now loaded: 0)
System memory in use before: 83.3 MB.
System memory in use after: 83.4 MB.

Unloading 14 unused Assets to reduce memory usage. Loaded Objects now: 2262.
Total: 2.212200 ms (FindLiveObjects: 0.124000 ms CreateObjectMapping: 0.047600 ms MarkObjects: 1.990700 ms  DeleteObjects: 0.049100 ms)

AssetImportParameters requested are different than current active one (requested -> active):
  custom:framework-win-MediaFoundation: 216162199b28c13a410421893ffa2e32 -> 
  custom:video-decoder-ogg-theora: a1e56fd34408186e4bbccfd4996cb3dc -> 
  custom:container-muxer-webm: aa71ff27fc2769a1b78a27578f13a17b -> 
  custom:container-demuxer-webm: 4f35f7cbe854078d1ac9338744f61a02 -> 
  custom:container-demuxer-ogg: 62fdf1f143b41e24485cea50d1cbac27 -> 
  custom:video-encoder-webm-vp8: eb34c28f22e8b96e1ab97ce403110664 -> 
  custom:video-decoder-webm-vp8: 9c59270c3fd7afecdb556c50c9e8de78 -> 
  custom:audio-decoder-ogg-vorbis: bf7c407c2cedff20999df2af8eb42d56 -> 
  custom:audio-encoder-webm-vorbis: bf7c407c2cedff20999df2af8eb42d56 -> 
========================================================================
Received Import Request.
  Time since last request: 512.585270 seconds.
  path: Assets/Scripts/UIManager.cs
  artifactKey: Guid(d0d2187451cabb740a7f9535027f1793) Importer(815301076,1909f56bfc062723c751e8b465ee728b)
Start importing Assets/Scripts/UIManager.cs using Guid(d0d2187451cabb740a7f9535027f1793) Importer(815301076,1909f56bfc062723c751e8b465ee728b)  -> (artifact id: 'ff60f335c030d8da265fff227573986f') in 0.015920 seconds 
  Import took 0.018836 seconds .

========================================================================
Received Prepare
Registering precompiled user dll's ...
Registered in 0.003566 seconds.
Begin MonoManager ReloadAssembly
Native extension for WindowsStandalone target not found
Refreshing native plugins compatible for Editor in 0.32 ms, found 2 plugins.
Preloading 0 native plugins for Editor in 0.00 ms.
Mono: successfully reloaded assembly
- Completed reload, in  1.028 seconds
Domain Reload Profiling:
	ReloadAssembly (1028ms)
		BeginReloadAssembly (108ms)
			ExecutionOrderSort (0ms)
			DisableScriptedObjects (3ms)
			BackupInstance (0ms)
			ReleaseScriptingObjects (0ms)
			CreateAndSetChildDomain (26ms)
		EndReloadAssembly (868ms)
			LoadAssemblies (77ms)
			RebuildTransferFunctionScriptingTraits (0ms)
			SetupTypeCache (340ms)
			ReleaseScriptCaches (1ms)
			RebuildScriptCaches (44ms)
			SetupLoadedEditorAssemblies (304ms)
				LogAssemblyErrors (0ms)
				InitializePlatformSupportModulesInManaged (4ms)
				SetLoadedEditorAssemblies (0ms)
				RefreshPlugins (0ms)
				BeforeProcessingInitializeOnLoad (60ms)
				ProcessInitializeOnLoadAttributes (231ms)
				ProcessInitializeOnLoadMethodAttributes (3ms)
				AfterProcessingInitializeOnLoad (5ms)
				EditorAssembliesLoaded (0ms)
			ExecutionOrderSort2 (0ms)
			AwakeInstancesAfterBackupRestoration (7ms)
Platform modules already initialized, skipping
Refreshing native plugins compatible for Editor in 0.30 ms, found 2 plugins.
Preloading 0 native plugins for Editor in 0.00 ms.
Unloading 1733 Unused Serialized files (Serialized files now loaded: 0)
System memory in use before: 83.4 MB.
System memory in use after: 83.4 MB.

Unloading 14 unused Assets to reduce memory usage. Loaded Objects now: 2264.
Total: 2.188800 ms (FindLiveObjects: 0.122000 ms CreateObjectMapping: 0.040600 ms MarkObjects: 1.973100 ms  DeleteObjects: 0.052300 ms)

AssetImportParameters requested are different than current active one (requested -> active):
  custom:framework-win-MediaFoundation: 216162199b28c13a410421893ffa2e32 -> 
  custom:video-decoder-ogg-theora: a1e56fd34408186e4bbccfd4996cb3dc -> 
  custom:container-muxer-webm: aa71ff27fc2769a1b78a27578f13a17b -> 
  custom:container-demuxer-webm: 4f35f7cbe854078d1ac9338744f61a02 -> 
  custom:container-demuxer-ogg: 62fdf1f143b41e24485cea50d1cbac27 -> 
  custom:video-encoder-webm-vp8: eb34c28f22e8b96e1ab97ce403110664 -> 
  custom:video-decoder-webm-vp8: 9c59270c3fd7afecdb556c50c9e8de78 -> 
  custom:audio-decoder-ogg-vorbis: bf7c407c2cedff20999df2af8eb42d56 -> 
  custom:audio-encoder-webm-vorbis: bf7c407c2cedff20999df2af8eb42d56 -> 
========================================================================
Received Prepare
Registering precompiled user dll's ...
Registered in 0.003461 seconds.
Begin MonoManager ReloadAssembly
Native extension for WindowsStandalone target not found
Refreshing native plugins compatible for Editor in 0.30 ms, found 2 plugins.
Preloading 0 native plugins for Editor in 0.00 ms.
Mono: successfully reloaded assembly
- Completed reload, in  1.017 seconds
Domain Reload Profiling:
	ReloadAssembly (1017ms)
		BeginReloadAssembly (131ms)
			ExecutionOrderSort (0ms)
			DisableScriptedObjects (4ms)
			BackupInstance (0ms)
			ReleaseScriptingObjects (0ms)
			CreateAndSetChildDomain (36ms)
		EndReloadAssembly (833ms)
			LoadAssemblies (99ms)
			RebuildTransferFunctionScriptingTraits (0ms)
			SetupTypeCache (248ms)
			ReleaseScriptCaches (1ms)
			RebuildScriptCaches (35ms)
			SetupLoadedEditorAssemblies (353ms)
				LogAssemblyErrors (0ms)
				InitializePlatformSupportModulesInManaged (4ms)
				SetLoadedEditorAssemblies (0ms)
				RefreshPlugins (0ms)
				BeforeProcessingInitializeOnLoad (71ms)
				ProcessInitializeOnLoadAttributes (265ms)
				ProcessInitializeOnLoadMethodAttributes (6ms)
				AfterProcessingInitializeOnLoad (6ms)
				EditorAssembliesLoaded (0ms)
			ExecutionOrderSort2 (0ms)
			AwakeInstancesAfterBackupRestoration (6ms)
Platform modules already initialized, skipping
Refreshing native plugins compatible for Editor in 0.47 ms, found 2 plugins.
Preloading 0 native plugins for Editor in 0.00 ms.
Unloading 1733 Unused Serialized files (Serialized files now loaded: 0)
System memory in use before: 83.3 MB.
System memory in use after: 83.4 MB.

Unloading 14 unused Assets to reduce memory usage. Loaded Objects now: 2266.
Total: 3.913800 ms (FindLiveObjects: 0.149400 ms CreateObjectMapping: 0.048700 ms MarkObjects: 3.635500 ms  DeleteObjects: 0.078600 ms)

AssetImportParameters requested are different than current active one (requested -> active):
  custom:framework-win-MediaFoundation: 216162199b28c13a410421893ffa2e32 -> 
  custom:video-decoder-ogg-theora: a1e56fd34408186e4bbccfd4996cb3dc -> 
  custom:container-muxer-webm: aa71ff27fc2769a1b78a27578f13a17b -> 
  custom:container-demuxer-webm: 4f35f7cbe854078d1ac9338744f61a02 -> 
  custom:container-demuxer-ogg: 62fdf1f143b41e24485cea50d1cbac27 -> 
  custom:video-encoder-webm-vp8: eb34c28f22e8b96e1ab97ce403110664 -> 
  custom:video-decoder-webm-vp8: 9c59270c3fd7afecdb556c50c9e8de78 -> 
  custom:audio-decoder-ogg-vorbis: bf7c407c2cedff20999df2af8eb42d56 -> 
  custom:audio-encoder-webm-vorbis: bf7c407c2cedff20999df2af8eb42d56 -> 
========================================================================
Received Import Request.
  Time since last request: 445.163343 seconds.
  path: Assets/map
  artifactKey: Guid(8cda31d2b59a92a46ac7f06cb0d03024) Importer(815301076,1909f56bfc062723c751e8b465ee728b)
Start importing Assets/map using Guid(8cda31d2b59a92a46ac7f06cb0d03024) Importer(815301076,1909f56bfc062723c751e8b465ee728b)  -> (artifact id: '22dd23d997e0950441bfb75bf90975de') in 0.038902 seconds 
  Import took 0.042556 seconds .

========================================================================
Received Import Request.
  Time since last request: 2.128926 seconds.
  path: Assets/map distance
  artifactKey: Guid(bd3e117a96690e14fa881a940cbf6f36) Importer(815301076,1909f56bfc062723c751e8b465ee728b)
Start importing Assets/map distance using Guid(bd3e117a96690e14fa881a940cbf6f36) Importer(815301076,1909f56bfc062723c751e8b465ee728b)  -> (artifact id: '177d6bba97f467df1f56fe077ec2138f') in 0.005357 seconds 
  Import took 0.008162 seconds .

========================================================================
Received Import Request.
  Time since last request: 192.054456 seconds.
  path: Assets/map.png
  artifactKey: Guid(6bf7a68f51db8b446a1db9443087eddb) Importer(815301076,1909f56bfc062723c751e8b465ee728b)
Start importing Assets/map.png using Guid(6bf7a68f51db8b446a1db9443087eddb) Importer(815301076,1909f56bfc062723c751e8b465ee728b)  -> (artifact id: '0c09b1c4b17832738deaf30575c36fd6') in 0.029190 seconds 
  Import took 0.032373 seconds .

========================================================================
Received Import Request.
  Time since last request: 3.215940 seconds.
  path: Assets/map 1.png
  artifactKey: Guid(4b576a5e47e45a94eaf1977ee129bf94) Importer(815301076,1909f56bfc062723c751e8b465ee728b)
Start importing Assets/map 1.png using Guid(4b576a5e47e45a94eaf1977ee129bf94) Importer(815301076,1909f56bfc062723c751e8b465ee728b)  -> (artifact id: 'e5344234daf0182b102e884ae5b1d290') in 0.012411 seconds 
  Import took 0.015147 seconds .

========================================================================
Received Import Request.
  Time since last request: 0.000316 seconds.
  path: Assets/mapdistance.png
  artifactKey: Guid(0e02cbe508b4837438d0dc59a6e085e1) Importer(815301076,1909f56bfc062723c751e8b465ee728b)
Start importing Assets/mapdistance.png using Guid(0e02cbe508b4837438d0dc59a6e085e1) Importer(815301076,1909f56bfc062723c751e8b465ee728b)  -> (artifact id: 'd870514772b593bde8745154f266665a') in 0.011390 seconds 
  Import took 0.015209 seconds .

========================================================================
Received Prepare
Registering precompiled user dll's ...
Registered in 0.003520 seconds.
Begin MonoManager ReloadAssembly
Native extension for WindowsStandalone target not found
Refreshing native plugins compatible for Editor in 0.43 ms, found 2 plugins.
Preloading 0 native plugins for Editor in 0.00 ms.
Mono: successfully reloaded assembly
- Completed reload, in  0.939 seconds
Domain Reload Profiling:
	ReloadAssembly (940ms)
		BeginReloadAssembly (111ms)
			ExecutionOrderSort (0ms)
			DisableScriptedObjects (5ms)
			BackupInstance (0ms)
			ReleaseScriptingObjects (0ms)
			CreateAndSetChildDomain (38ms)
		EndReloadAssembly (767ms)
			LoadAssemblies (96ms)
			RebuildTransferFunctionScriptingTraits (0ms)
			SetupTypeCache (267ms)
			ReleaseScriptCaches (1ms)
			RebuildScriptCaches (30ms)
			SetupLoadedEditorAssemblies (300ms)
				LogAssemblyErrors (0ms)
				InitializePlatformSupportModulesInManaged (5ms)
				SetLoadedEditorAssemblies (0ms)
				RefreshPlugins (1ms)
				BeforeProcessingInitializeOnLoad (72ms)
				ProcessInitializeOnLoadAttributes (213ms)
				ProcessInitializeOnLoadMethodAttributes (3ms)
				AfterProcessingInitializeOnLoad (6ms)
				EditorAssembliesLoaded (0ms)
			ExecutionOrderSort2 (0ms)
			AwakeInstancesAfterBackupRestoration (6ms)
Platform modules already initialized, skipping
Refreshing native plugins compatible for Editor in 0.30 ms, found 2 plugins.
Preloading 0 native plugins for Editor in 0.00 ms.
Unloading 1733 Unused Serialized files (Serialized files now loaded: 0)
System memory in use before: 83.4 MB.
System memory in use after: 83.4 MB.

Unloading 14 unused Assets to reduce memory usage. Loaded Objects now: 2270.
Total: 3.096700 ms (FindLiveObjects: 0.240300 ms CreateObjectMapping: 0.147400 ms MarkObjects: 2.643400 ms  DeleteObjects: 0.063700 ms)

AssetImportParameters requested are different than current active one (requested -> active):
  custom:framework-win-MediaFoundation: 216162199b28c13a410421893ffa2e32 -> 
  custom:video-decoder-ogg-theora: a1e56fd34408186e4bbccfd4996cb3dc -> 
  custom:container-muxer-webm: aa71ff27fc2769a1b78a27578f13a17b -> 
  custom:container-demuxer-webm: 4f35f7cbe854078d1ac9338744f61a02 -> 
  custom:container-demuxer-ogg: 62fdf1f143b41e24485cea50d1cbac27 -> 
  custom:video-encoder-webm-vp8: eb34c28f22e8b96e1ab97ce403110664 -> 
  custom:video-decoder-webm-vp8: 9c59270c3fd7afecdb556c50c9e8de78 -> 
  custom:audio-decoder-ogg-vorbis: bf7c407c2cedff20999df2af8eb42d56 -> 
  custom:audio-encoder-webm-vorbis: bf7c407c2cedff20999df2af8eb42d56 -> 
========================================================================
Received Import Request.
  Time since last request: 220.376664 seconds.
  path: Assets/map 1.png
  artifactKey: Guid(4b576a5e47e45a94eaf1977ee129bf94) Importer(815301076,1909f56bfc062723c751e8b465ee728b)
Start importing Assets/map 1.png using Guid(4b576a5e47e45a94eaf1977ee129bf94) Importer(815301076,1909f56bfc062723c751e8b465ee728b)  -> (artifact id: 'b41bbf359aca6cd296df75361eb06900') in 0.052971 seconds 
  Import took 0.055794 seconds .

========================================================================
Received Import Request.
  Time since last request: 4.104013 seconds.
  path: Assets/map.png
  artifactKey: Guid(6bf7a68f51db8b446a1db9443087eddb) Importer(815301076,1909f56bfc062723c751e8b465ee728b)
Start importing Assets/map.png using Guid(6bf7a68f51db8b446a1db9443087eddb) Importer(815301076,1909f56bfc062723c751e8b465ee728b)  -> (artifact id: 'bdea30739cefd477f3a8f9eea019f7cd') in 0.019869 seconds 
  Import took 0.023750 seconds .

========================================================================
Received Import Request.
  Time since last request: 0.000691 seconds.
  path: Assets/map.png
  artifactKey: Guid(6bf7a68f51db8b446a1db9443087eddb) Importer(815301076,1909f56bfc062723c751e8b465ee728b)
Start importing Assets/map.png using Guid(6bf7a68f51db8b446a1db9443087eddb) Importer(815301076,1909f56bfc062723c751e8b465ee728b)  -> (artifact id: 'bdea30739cefd477f3a8f9eea019f7cd') in 0.013633 seconds 
  Import took 0.016240 seconds .

========================================================================
Received Import Request.
  Time since last request: 8.836355 seconds.
  path: Assets/mapdistance.png
  artifactKey: Guid(0e02cbe508b4837438d0dc59a6e085e1) Importer(815301076,1909f56bfc062723c751e8b465ee728b)
Start importing Assets/mapdistance.png using Guid(0e02cbe508b4837438d0dc59a6e085e1) Importer(815301076,1909f56bfc062723c751e8b465ee728b)  -> (artifact id: 'a66f30637d8f7d6d9a71d90f71f35113') in 0.026409 seconds 
  Import took 0.029702 seconds .

========================================================================
Received Prepare
Registering precompiled user dll's ...
Registered in 0.003923 seconds.
Begin MonoManager ReloadAssembly
Native extension for WindowsStandalone target not found
Refreshing native plugins compatible for Editor in 0.31 ms, found 2 plugins.
Preloading 0 native plugins for Editor in 0.00 ms.
Mono: successfully reloaded assembly
- Completed reload, in  0.907 seconds
Domain Reload Profiling:
	ReloadAssembly (908ms)
		BeginReloadAssembly (120ms)
			ExecutionOrderSort (0ms)
			DisableScriptedObjects (3ms)
			BackupInstance (0ms)
			ReleaseScriptingObjects (0ms)
			CreateAndSetChildDomain (36ms)
		EndReloadAssembly (726ms)
			LoadAssemblies (78ms)
			RebuildTransferFunctionScriptingTraits (0ms)
			SetupTypeCache (228ms)
			ReleaseScriptCaches (1ms)
			RebuildScriptCaches (30ms)
			SetupLoadedEditorAssemblies (316ms)
				LogAssemblyErrors (0ms)
				InitializePlatformSupportModulesInManaged (4ms)
				SetLoadedEditorAssemblies (0ms)
				RefreshPlugins (0ms)
				BeforeProcessingInitializeOnLoad (61ms)
				ProcessInitializeOnLoadAttributes (241ms)
				ProcessInitializeOnLoadMethodAttributes (3ms)
				AfterProcessingInitializeOnLoad (5ms)
				EditorAssembliesLoaded (0ms)
			ExecutionOrderSort2 (0ms)
			AwakeInstancesAfterBackupRestoration (6ms)
Platform modules already initialized, skipping
Refreshing native plugins compatible for Editor in 0.30 ms, found 2 plugins.
Preloading 0 native plugins for Editor in 0.00 ms.
Unloading 1733 Unused Serialized files (Serialized files now loaded: 0)
System memory in use before: 83.4 MB.
System memory in use after: 83.5 MB.

Unloading 14 unused Assets to reduce memory usage. Loaded Objects now: 2277.
Total: 2.305000 ms (FindLiveObjects: 0.147600 ms CreateObjectMapping: 0.048500 ms MarkObjects: 2.055700 ms  DeleteObjects: 0.052100 ms)

AssetImportParameters requested are different than current active one (requested -> active):
  custom:framework-win-MediaFoundation: 216162199b28c13a410421893ffa2e32 -> 
  custom:video-decoder-ogg-theora: a1e56fd34408186e4bbccfd4996cb3dc -> 
  custom:container-muxer-webm: aa71ff27fc2769a1b78a27578f13a17b -> 
  custom:container-demuxer-webm: 4f35f7cbe854078d1ac9338744f61a02 -> 
  custom:container-demuxer-ogg: 62fdf1f143b41e24485cea50d1cbac27 -> 
  custom:video-encoder-webm-vp8: eb34c28f22e8b96e1ab97ce403110664 -> 
  custom:video-decoder-webm-vp8: 9c59270c3fd7afecdb556c50c9e8de78 -> 
  custom:audio-decoder-ogg-vorbis: bf7c407c2cedff20999df2af8eb42d56 -> 
  custom:audio-encoder-webm-vorbis: bf7c407c2cedff20999df2af8eb42d56 -> 
AssetImportWorkerClient::OnTransportError - code=2 error=End of file
